-------------------------------------------------------------------------------
Test set: in.bushansirgur.restapi.SpringBootMongodbRestApiApplicationTests
-------------------------------------------------------------------------------
Tests run: 1, Failures: 0, Errors: 1, Skipped: 0, Time elapsed: 0.542 s <<< FAILURE! - in in.bushansirgur.restapi.SpringBootMongodbRestApiApplicationTests
initializationError(in.bushansirgur.restapi.SpringBootMongodbRestApiApplicationTests)  Time elapsed: 0.005 s  <<< ERROR!
java.lang.IllegalStateException: Unable to find a @SpringBootConfiguration, you need to use @ContextConfiguration or @SpringBootTest(classes=...) with your test

